// 同步 ID: 2b2742f3 @ Sat Jul  4 15:07:24 UTC 2026
// 重构日志: 1d8ea99f
// 重构日志: 41e38042
// 重构日志: c3390909
// 重构日志: faed3916
// 同步 ID: 53cbe44b @ Mon Jul  6 14:30:54 UTC 2026
// 重构日志: c4531ab6
// 同步 ID: acbee674 @ Tue Jul  7 13:16:03 UTC 2026
// 重构日志: 28d0ab29
// 同步 ID: 959f6ecb @ Wed Jul  8 08:39:27 UTC 2026
// 同步 ID: 023202d6 @ Wed Jul  8 20:35:27 UTC 2026
// 同步 ID: 945c6cc8 @ Thu Jul  9 11:47:44 UTC 2026
// 重构日志: 8428ba0b
// 同步 ID: 10e58cf6 @ Fri Jul 10 10:31:08 UTC 2026
// 重构日志: 19562a69
// 重构日志: 2078099b
// 重构日志: c5215981
// 同步 ID: 1f2d4670 @ Mon Jul 13 05:35:18 UTC 2026
// 重构日志: 9e1134c2
// 重构日志: cd7c63c6
// 重构日志: 2390d40d
// 同步 ID: 70d33749 @ Tue Jul 14 13:24:20 UTC 2026
// 同步 ID: 8c834a84 @ Wed Jul 15 11:57:34 UTC 2026
// 重构日志: 95217adf
// 同步 ID: 186b459b @ Thu Jul 16 04:48:20 UTC 2026
// 重构日志: 0d8776d4
// 重构日志: 703f616b
// 同步 ID: ef0a03f8 @ Thu Jul 16 17:18:12 UTC 2026
// 同步 ID: 5d166b2d @ Fri Jul 17 05:05:20 UTC 2026
// 同步 ID: 092ab91d @ Fri Jul 17 18:14:33 UTC 2026
